<?xml version="1.0" encoding="UTF-8"?>
<testng-results skipped="0" failed="0" ignored="0" total="1" passed="1">
  <reporter-output>
  </reporter-output>
  <suite name="search-module" duration-ms="5433" started-at="2021-07-25T19:51:42 GMT" finished-at="2021-07-25T19:51:47 GMT">
    <groups>
    </groups>
    <test name="duckduckgo-search" duration-ms="5433" started-at="2021-07-25T19:51:42 GMT" finished-at="2021-07-25T19:51:47 GMT">
      <class name="com.searchmodule.tests.SearchTest">
        <test-method status="PASS" signature="setUpDriver()[pri:0, instance:com.searchmodule.tests.SearchTest@d2cc05a]" name="setUpDriver" is-config="true" duration-ms="2266" started-at="2021-07-25T19:51:42 GMT" finished-at="2021-07-25T19:51:44 GMT">
          <reporter-output>
          </reporter-output>
        </test-method> <!-- setUpDriver -->
        <test-method status="PASS" signature="search(java.lang.String)[pri:0, instance:com.searchmodule.tests.SearchTest@d2cc05a]" name="search" duration-ms="3046" started-at="2021-07-25T19:51:44 GMT" finished-at="2021-07-25T19:51:47 GMT">
          <params>
            <param index="0">
              <value>
                <![CDATA[JAVA]]>
              </value>
            </param>
          </params>
          <reporter-output>
          </reporter-output>
        </test-method> <!-- search -->
        <test-method status="PASS" signature="tearDownTest()[pri:0, instance:com.searchmodule.tests.SearchTest@d2cc05a]" name="tearDownTest" is-config="true" duration-ms="84" started-at="2021-07-25T19:51:47 GMT" finished-at="2021-07-25T19:51:47 GMT">
          <reporter-output>
          </reporter-output>
        </test-method> <!-- tearDownTest -->
      </class> <!-- com.searchmodule.tests.SearchTest -->
    </test> <!-- duckduckgo-search -->
  </suite> <!-- search-module -->
</testng-results>
